[debug] [2023-07-27T01:40:17.145Z] ----------------------------------------------------------------------
[debug] [2023-07-27T01:40:17.148Z] Command:       C:\Program Files\nodejs\node.exe C:\Users\Malcw\AppData\Roaming\npm\node_modules\firebase-tools\lib\bin\firebase.js init hosting
[debug] [2023-07-27T01:40:17.149Z] CLI Version:   12.4.6
[debug] [2023-07-27T01:40:17.150Z] Platform:      win32
[debug] [2023-07-27T01:40:17.150Z] Node Version:  v18.16.0
[debug] [2023-07-27T01:40:17.152Z] Time:          Wed Jul 26 2023 20:40:17 GMT-0500 (Central Daylight Time)
[debug] [2023-07-27T01:40:17.152Z] ----------------------------------------------------------------------
[debug] 
[debug] [2023-07-27T01:40:17.164Z] > command requires scopes: ["email","openid","https://www.googleapis.com/auth/cloudplatformprojects.readonly","https://www.googleapis.com/auth/firebase","https://www.googleapis.com/auth/cloud-platform"]
[debug] [2023-07-27T01:40:17.166Z] > authorizing via signed-in user (sevenseasnm@sevenseaspw.com)
[info] 
     ######## #### ########  ######## ########     ###     ######  ########
     ##        ##  ##     ## ##       ##     ##  ##   ##  ##       ##
     ######    ##  ########  ######   ########  #########  ######  ######
     ##        ##  ##    ##  ##       ##     ## ##     ##       ## ##
     ##       #### ##     ## ######## ########  ##     ##  ######  ########

You're about to initialize a Firebase project in this directory:

  C:\Users\Malcw\OneDrive\Development\sevenseas

[info] 
=== Project Setup
[info] 
[info] First, let's associate this project directory with a Firebase project.
[info] You can create multiple project aliases by running firebase use --add, 
[info] but for now we'll just set up a default project.
[info] 
[debug] [2023-07-27T01:40:39.970Z] >>> [apiv2][query] GET https://firebase.googleapis.com/v1beta1/projects pageSize=100
[debug] [2023-07-27T01:40:40.497Z] <<< [apiv2][status] GET https://firebase.googleapis.com/v1beta1/projects 200
[debug] [2023-07-27T01:40:40.497Z] <<< [apiv2][body] GET https://firebase.googleapis.com/v1beta1/projects [omitted]
[info] i  Using project sevenseas-d7312 (sevenseas) 
[info] 
=== Hosting Setup
[info] 
[info] Your public directory is the folder (relative to your project directory) that
[info] will contain Hosting assets to be uploaded with firebase deploy. If you
[info] have a build process for your assets, use your build's output directory.
[info] 
